<?xml version="1.0" encoding="UTF-8"?>
<testsuite xmlns:xsi="http://www.w3.org/2001/XMLSchema-instance" xsi:noNamespaceSchemaLocation="https://maven.apache.org/surefire/maven-surefire-plugin/xsd/surefire-test-report-3.0.xsd" version="3.0" name="TestSuite" time="13.938" tests="1" errors="0" skipped="0" failures="0">
  <properties>
    <property name="java.specification.version" value="17"/>
    <property name="sun.cpu.isalist" value="amd64"/>
    <property name="sun.jnu.encoding" value="Cp1252"/>
    <property name="java.class.path" value="C:\Users\madhuri.jyothi\eclipse-workspace\CassandraConnection\target\test-classes;C:\Users\madhuri.jyothi\eclipse-workspace\CassandraConnection\target\classes;C:\Users\madhuri.jyothi\.m2\repository\org\testng\testng\7.4.0\testng-7.4.0.jar;C:\Users\madhuri.jyothi\.m2\repository\com\beust\jcommander\1.78\jcommander-1.78.jar;C:\Users\madhuri.jyothi\.m2\repository\org\webjars\jquery\3.5.1\jquery-3.5.1.jar;C:\Users\madhuri.jyothi\.m2\repository\com\datastax\cassandra\cassandra-driver-core\3.1.4\cassandra-driver-core-3.1.4.jar;C:\Users\madhuri.jyothi\.m2\repository\io\netty\netty-handler\4.0.37.Final\netty-handler-4.0.37.Final.jar;C:\Users\madhuri.jyothi\.m2\repository\io\netty\netty-buffer\4.0.37.Final\netty-buffer-4.0.37.Final.jar;C:\Users\madhuri.jyothi\.m2\repository\io\netty\netty-common\4.0.37.Final\netty-common-4.0.37.Final.jar;C:\Users\madhuri.jyothi\.m2\repository\io\netty\netty-transport\4.0.37.Final\netty-transport-4.0.37.Final.jar;C:\Users\madhuri.jyothi\.m2\repository\io\netty\netty-codec\4.0.37.Final\netty-codec-4.0.37.Final.jar;C:\Users\madhuri.jyothi\.m2\repository\com\google\guava\guava\16.0.1\guava-16.0.1.jar;C:\Users\madhuri.jyothi\.m2\repository\io\dropwizard\metrics\metrics-core\3.1.2\metrics-core-3.1.2.jar;C:\Users\madhuri.jyothi\.m2\repository\org\slf4j\slf4j-api\1.7.7\slf4j-api-1.7.7.jar;C:\Users\madhuri.jyothi\.m2\repository\com\github\jnr\jnr-ffi\2.0.7\jnr-ffi-2.0.7.jar;C:\Users\madhuri.jyothi\.m2\repository\com\github\jnr\jffi\1.2.10\jffi-1.2.10.jar;C:\Users\madhuri.jyothi\.m2\repository\com\github\jnr\jffi\1.2.10\jffi-1.2.10-native.jar;C:\Users\madhuri.jyothi\.m2\repository\org\ow2\asm\asm\5.0.3\asm-5.0.3.jar;C:\Users\madhuri.jyothi\.m2\repository\org\ow2\asm\asm-commons\5.0.3\asm-commons-5.0.3.jar;C:\Users\madhuri.jyothi\.m2\repository\org\ow2\asm\asm-analysis\5.0.3\asm-analysis-5.0.3.jar;C:\Users\madhuri.jyothi\.m2\repository\org\ow2\asm\asm-tree\5.0.3\asm-tree-5.0.3.jar;C:\Users\madhuri.jyothi\.m2\repository\org\ow2\asm\asm-util\5.0.3\asm-util-5.0.3.jar;C:\Users\madhuri.jyothi\.m2\repository\com\github\jnr\jnr-x86asm\1.0.2\jnr-x86asm-1.0.2.jar;C:\Users\madhuri.jyothi\.m2\repository\com\github\jnr\jnr-posix\3.0.27\jnr-posix-3.0.27.jar;C:\Users\madhuri.jyothi\.m2\repository\com\github\jnr\jnr-constants\0.9.0\jnr-constants-0.9.0.jar;C:\Users\madhuri.jyothi\.m2\repository\com\jcraft\jsch\0.1.55\jsch-0.1.55.jar;C:\Users\madhuri.jyothi\.m2\repository\junit\junit\4.13.2\junit-4.13.2.jar;C:\Users\madhuri.jyothi\.m2\repository\org\hamcrest\hamcrest-core\1.3\hamcrest-core-1.3.jar;C:\Users\madhuri.jyothi\.m2\repository\org\projectlombok\lombok\1.18.24\lombok-1.18.24.jar;"/>
    <property name="java.vm.vendor" value="Oracle Corporation"/>
    <property name="sun.arch.data.model" value="64"/>
    <property name="user.variant" value=""/>
    <property name="password" value="gk2d.&gt;W*Z65yf2G%R]yRevat:CcYDN6ew7B7DMFNfu+3xT)qzg}q]&lt;B6+!P,KJ[f"/>
    <property name="java.vendor.url" value="https://java.oracle.com/"/>
    <property name="user.timezone" value="Asia/Calcutta"/>
    <property name="os.name" value="Windows 11"/>
    <property name="java.vm.specification.version" value="17"/>
    <property name="sun.java.launcher" value="SUN_STANDARD"/>
    <property name="user.country" value="IN"/>
    <property name="sun.boot.library.path" value="C:\Program Files\Java\jdk-17.0.9\bin"/>
    <property name="sun.java.command" value="C:\Users\madhuri.jyothi\AppData\Local\Temp\surefire2701324993409799788\surefirebooter5839075813890618137.jar C:\Users\madhuri.jyothi\AppData\Local\Temp\surefire2701324993409799788 2024-03-28T10-29-30_319-jvmRun1 surefire15754332773472019258tmp surefire_010148718265824094805tmp"/>
    <property name="jdk.debug" value="release"/>
    <property name="surefire.test.class.path" value="C:\Users\madhuri.jyothi\eclipse-workspace\CassandraConnection\target\test-classes;C:\Users\madhuri.jyothi\eclipse-workspace\CassandraConnection\target\classes;C:\Users\madhuri.jyothi\.m2\repository\org\testng\testng\7.4.0\testng-7.4.0.jar;C:\Users\madhuri.jyothi\.m2\repository\com\beust\jcommander\1.78\jcommander-1.78.jar;C:\Users\madhuri.jyothi\.m2\repository\org\webjars\jquery\3.5.1\jquery-3.5.1.jar;C:\Users\madhuri.jyothi\.m2\repository\com\datastax\cassandra\cassandra-driver-core\3.1.4\cassandra-driver-core-3.1.4.jar;C:\Users\madhuri.jyothi\.m2\repository\io\netty\netty-handler\4.0.37.Final\netty-handler-4.0.37.Final.jar;C:\Users\madhuri.jyothi\.m2\repository\io\netty\netty-buffer\4.0.37.Final\netty-buffer-4.0.37.Final.jar;C:\Users\madhuri.jyothi\.m2\repository\io\netty\netty-common\4.0.37.Final\netty-common-4.0.37.Final.jar;C:\Users\madhuri.jyothi\.m2\repository\io\netty\netty-transport\4.0.37.Final\netty-transport-4.0.37.Final.jar;C:\Users\madhuri.jyothi\.m2\repository\io\netty\netty-codec\4.0.37.Final\netty-codec-4.0.37.Final.jar;C:\Users\madhuri.jyothi\.m2\repository\com\google\guava\guava\16.0.1\guava-16.0.1.jar;C:\Users\madhuri.jyothi\.m2\repository\io\dropwizard\metrics\metrics-core\3.1.2\metrics-core-3.1.2.jar;C:\Users\madhuri.jyothi\.m2\repository\org\slf4j\slf4j-api\1.7.7\slf4j-api-1.7.7.jar;C:\Users\madhuri.jyothi\.m2\repository\com\github\jnr\jnr-ffi\2.0.7\jnr-ffi-2.0.7.jar;C:\Users\madhuri.jyothi\.m2\repository\com\github\jnr\jffi\1.2.10\jffi-1.2.10.jar;C:\Users\madhuri.jyothi\.m2\repository\com\github\jnr\jffi\1.2.10\jffi-1.2.10-native.jar;C:\Users\madhuri.jyothi\.m2\repository\org\ow2\asm\asm\5.0.3\asm-5.0.3.jar;C:\Users\madhuri.jyothi\.m2\repository\org\ow2\asm\asm-commons\5.0.3\asm-commons-5.0.3.jar;C:\Users\madhuri.jyothi\.m2\repository\org\ow2\asm\asm-analysis\5.0.3\asm-analysis-5.0.3.jar;C:\Users\madhuri.jyothi\.m2\repository\org\ow2\asm\asm-tree\5.0.3\asm-tree-5.0.3.jar;C:\Users\madhuri.jyothi\.m2\repository\org\ow2\asm\asm-util\5.0.3\asm-util-5.0.3.jar;C:\Users\madhuri.jyothi\.m2\repository\com\github\jnr\jnr-x86asm\1.0.2\jnr-x86asm-1.0.2.jar;C:\Users\madhuri.jyothi\.m2\repository\com\github\jnr\jnr-posix\3.0.27\jnr-posix-3.0.27.jar;C:\Users\madhuri.jyothi\.m2\repository\com\github\jnr\jnr-constants\0.9.0\jnr-constants-0.9.0.jar;C:\Users\madhuri.jyothi\.m2\repository\com\jcraft\jsch\0.1.55\jsch-0.1.55.jar;C:\Users\madhuri.jyothi\.m2\repository\junit\junit\4.13.2\junit-4.13.2.jar;C:\Users\madhuri.jyothi\.m2\repository\org\hamcrest\hamcrest-core\1.3\hamcrest-core-1.3.jar;C:\Users\madhuri.jyothi\.m2\repository\org\projectlombok\lombok\1.18.24\lombok-1.18.24.jar;"/>
    <property name="sun.cpu.endian" value="little"/>
    <property name="user.home" value="C:\Users\madhuri.jyothi"/>
    <property name="user.language" value="en"/>
    <property name="java.specification.vendor" value="Oracle Corporation"/>
    <property name="java.version.date" value="2023-10-17"/>
    <property name="java.home" value="C:\Program Files\Java\jdk-17.0.9"/>
    <property name="file.separator" value="\"/>
    <property name="basedir" value="C:\Users\madhuri.jyothi\eclipse-workspace\CassandraConnection"/>
    <property name="java.vm.compressedOopsMode" value="Zero based"/>
    <property name="line.separator" value="&#10;"/>
    <property name="java.vm.specification.vendor" value="Oracle Corporation"/>
    <property name="java.specification.name" value="Java Platform API Specification"/>
    <property name="surefire.real.class.path" value="C:\Users\madhuri.jyothi\AppData\Local\Temp\surefire2701324993409799788\surefirebooter5839075813890618137.jar"/>
    <property name="user.script" value=""/>
    <property name="sun.management.compiler" value="HotSpot 64-Bit Tiered Compilers"/>
    <property name="java.runtime.version" value="17.0.9+11-LTS-201"/>
    <property name="user.name" value="madhuri.jyothi"/>
    <property name="path.separator" value=";"/>
    <property name="os.version" value="10.0"/>
    <property name="java.runtime.name" value="Java(TM) SE Runtime Environment"/>
    <property name="file.encoding" value="Cp1252"/>
    <property name="sun.nio.ch.bugLevel" value=""/>
    <property name="java.vm.name" value="Java HotSpot(TM) 64-Bit Server VM"/>
    <property name="localRepository" value="C:\Users\madhuri.jyothi\.m2\repository"/>
    <property name="java.vendor.url.bug" value="https://bugreport.java.com/bugreport/"/>
    <property name="java.io.tmpdir" value="C:\Users\MADHUR~1.JYO\AppData\Local\Temp\"/>
    <property name="java.version" value="17.0.9"/>
    <property name="user.dir" value="C:\Users\madhuri.jyothi\eclipse-workspace\CassandraConnection"/>
    <property name="os.arch" value="amd64"/>
    <property name="java.vm.specification.name" value="Java Virtual Machine Specification"/>
    <property name="sun.os.patch.level" value=""/>
    <property name="native.encoding" value="Cp1252"/>
    <property name="java.library.path" value="C:\Program Files\Java\jdk-17.0.9\bin;C:\WINDOWS\Sun\Java\bin;C:\WINDOWS\system32;C:\WINDOWS;C:/Users/madhuri.jyothi/softbank/eclipse-java-2021-06-R-win32-x86_64/eclipse//plugins/org.eclipse.justj.openjdk.hotspot.jre.full.win32.x86_64_16.0.1.v20210528-1205/jre/bin/server;C:/Users/madhuri.jyothi/softbank/eclipse-java-2021-06-R-win32-x86_64/eclipse//plugins/org.eclipse.justj.openjdk.hotspot.jre.full.win32.x86_64_16.0.1.v20210528-1205/jre/bin;C:\Program Files\Common Files\Oracle\Java\javapath;C:\Program Files (x86)\Common Files\Oracle\Java\javapath;C:\WINDOWS\system32;C:\WINDOWS;C:\WINDOWS\System32\Wbem;C:\WINDOWS\System32\WindowsPowerShell\v1.0\;C:\WINDOWS\System32\OpenSSH\;C:\Program Files\dotnet\;C:\Program Files (x86)\Microsoft SQL Server\150\DTS\Binn\;C:\Program Files\Java\jdk-17.0.9\bin;C:\Program Files\apache-maven-3.9.2\bin;C:\Program Files\TortoiseSVN\bin;C:\Program Files\Git\cmd;C:\Program Files\nodejs\;C:\Program Files\Snowflake SnowSQL\;C:\Program Files\Java\jdk-17.0.9\bin;C:\Users\madhuri.jyothi\AppData\Roaming\npm;C:\Users\madhuri.jyothi\AppData\Local\Microsoft\WindowsApps;;C:\Users\madhuri.jyothi\softbank\eclipse-java-2021-06-R-win32-x86_64\eclipse;;."/>
    <property name="java.vm.info" value="mixed mode, sharing"/>
    <property name="java.vendor" value="Oracle Corporation"/>
    <property name="java.vm.version" value="17.0.9+11-LTS-201"/>
    <property name="sun.io.unicode.encoding" value="UnicodeLittle"/>
    <property name="java.class.version" value="61.0"/>
    <property name="username" value="cass_demandcentr_r"/>
  </properties>
  <testcase name="init" classname="com.qa.cql.test.CQLTest" time="13.304">
    <system-out><![CDATA[cass_demandcentr_r
Connection established to CQL Database
]]></system-out>
    <system-err><![CDATA[SLF4J: Failed to load class "org.slf4j.impl.StaticLoggerBinder".
SLF4J: Defaulting to no-operation (NOP) logger implementation
SLF4J: See http://www.slf4j.org/codes.html#StaticLoggerBinder for further details.
Mar 28, 2024 10:29:32 AM io.netty.util.internal.PlatformDependent <clinit>
INFO: Your platform does not provide complete low-level API for accessing direct buffers reliably. Unless explicitly requested, heap buffer will always be preferred to avoid potential system unstability.
]]></system-err>
  </testcase>
</testsuite>