<?xml version="1.0" encoding="UTF-8"?>
<!-- Generated by org.testng.reporters.JUnitReportReporter -->
<testsuite hostname="LAPTOP-F31LR0RR" failures="0" tests="1" name="com.qa.cql.test.CQLTest" time="14.006" errors="0" timestamp="2024-03-24T11:09:37 IST" skipped="0">
  <testcase classname="com.qa.cql.test.CQLTest" name="init" time="14.006"/>
  <system-out/>
</testsuite> <!-- com.qa.cql.test.CQLTest -->
