<?xml version="1.0" encoding="UTF-8"?>
<!-- Generated by org.testng.reporters.JUnitReportReporter -->
<testsuite hostname="LAPTOP-F31LR0RR" failures="0" tests="1" name="com.qa.cql.test.CQLTest" time="13.296" errors="0" timestamp="2024-03-28T10:29:45 IST" skipped="0">
  <testcase classname="com.qa.cql.test.CQLTest" name="init" time="13.296"/>
  <system-out/>
</testsuite> <!-- com.qa.cql.test.CQLTest -->
